<?xml version="1.0" encoding="UTF-8"?>
<testsuite xmlns:xsi="http://www.w3.org/2001/XMLSchema-instance" xsi:noNamespaceSchemaLocation="https://maven.apache.org/surefire/maven-surefire-plugin/xsd/surefire-test-report-3.0.xsd" version="3.0" name="org.example.test.testcase.TestCases" time="6.501" tests="4" errors="0" skipped="0" failures="0">
  <properties>
    <property name="sun.desktop" value="windows"/>
    <property name="awt.toolkit" value="sun.awt.windows.WToolkit"/>
    <property name="file.encoding.pkg" value="sun.io"/>
    <property name="java.specification.version" value="1.8"/>
    <property name="sun.cpu.isalist" value="amd64"/>
    <property name="sun.jnu.encoding" value="Cp1252"/>
    <property name="java.class.path" value="C:\Task\apiTask\target\test-classes;C:\Task\apiTask\target\classes;C:\Users\gs1-sriramb\.m2\repository\org\junit\jupiter\junit-jupiter-engine\5.4.0\junit-jupiter-engine-5.4.0.jar;C:\Users\gs1-sriramb\.m2\repository\org\apiguardian\apiguardian-api\1.0.0\apiguardian-api-1.0.0.jar;C:\Users\gs1-sriramb\.m2\repository\org\junit\platform\junit-platform-engine\1.4.0\junit-platform-engine-1.4.0.jar;C:\Users\gs1-sriramb\.m2\repository\org\opentest4j\opentest4j\1.1.1\opentest4j-1.1.1.jar;C:\Users\gs1-sriramb\.m2\repository\org\junit\platform\junit-platform-commons\1.4.0\junit-platform-commons-1.4.0.jar;C:\Users\gs1-sriramb\.m2\repository\org\junit\jupiter\junit-jupiter-api\5.4.0\junit-jupiter-api-5.4.0.jar;C:\Users\gs1-sriramb\.m2\repository\com\fasterxml\jackson\core\jackson-databind\2.9.6\jackson-databind-2.9.6.jar;C:\Users\gs1-sriramb\.m2\repository\com\fasterxml\jackson\core\jackson-annotations\2.9.0\jackson-annotations-2.9.0.jar;C:\Users\gs1-sriramb\.m2\repository\com\fasterxml\jackson\core\jackson-core\2.9.6\jackson-core-2.9.6.jar;C:\Users\gs1-sriramb\.m2\repository\io\rest-assured\rest-assured\5.1.1\rest-assured-5.1.1.jar;C:\Users\gs1-sriramb\.m2\repository\org\apache\groovy\groovy\4.0.1\groovy-4.0.1.jar;C:\Users\gs1-sriramb\.m2\repository\org\apache\groovy\groovy-xml\4.0.1\groovy-xml-4.0.1.jar;C:\Users\gs1-sriramb\.m2\repository\org\apache\httpcomponents\httpclient\4.5.13\httpclient-4.5.13.jar;C:\Users\gs1-sriramb\.m2\repository\org\apache\httpcomponents\httpcore\4.4.13\httpcore-4.4.13.jar;C:\Users\gs1-sriramb\.m2\repository\commons-logging\commons-logging\1.2\commons-logging-1.2.jar;C:\Users\gs1-sriramb\.m2\repository\commons-codec\commons-codec\1.11\commons-codec-1.11.jar;C:\Users\gs1-sriramb\.m2\repository\org\apache\httpcomponents\httpmime\4.5.13\httpmime-4.5.13.jar;C:\Users\gs1-sriramb\.m2\repository\org\hamcrest\hamcrest\2.1\hamcrest-2.1.jar;C:\Users\gs1-sriramb\.m2\repository\org\ccil\cowan\tagsoup\tagsoup\1.2.1\tagsoup-1.2.1.jar;C:\Users\gs1-sriramb\.m2\repository\io\rest-assured\json-path\5.1.1\json-path-5.1.1.jar;C:\Users\gs1-sriramb\.m2\repository\org\apache\groovy\groovy-json\4.0.1\groovy-json-4.0.1.jar;C:\Users\gs1-sriramb\.m2\repository\io\rest-assured\rest-assured-common\5.1.1\rest-assured-common-5.1.1.jar;C:\Users\gs1-sriramb\.m2\repository\io\rest-assured\xml-path\5.1.1\xml-path-5.1.1.jar;C:\Users\gs1-sriramb\.m2\repository\org\apache\commons\commons-lang3\3.11\commons-lang3-3.11.jar;"/>
    <property name="java.vm.vendor" value="Azul Systems, Inc."/>
    <property name="sun.arch.data.model" value="64"/>
    <property name="user.variant" value=""/>
    <property name="java.vendor.url" value="http://www.azulsystems.com/"/>
    <property name="user.timezone" value="Asia/Calcutta"/>
    <property name="java.vm.specification.version" value="1.8"/>
    <property name="os.name" value="Windows 10"/>
    <property name="user.country" value="US"/>
    <property name="sun.java.launcher" value="SUN_STANDARD"/>
    <property name="sun.boot.library.path" value="C:\Program Files\Zulu\zulu-8\jre\bin"/>
    <property name="sun.java.command" value="C:\Users\gs1-sriramb\AppData\Local\Temp\surefire5201383492954182098\surefirebooter2643289567805258340.jar C:\Users\gs1-sriramb\AppData\Local\Temp\surefire5201383492954182098 2022-07-12T16-11-37_685-jvmRun1 surefire5187894755857049189tmp surefire_07367600211311609270tmp"/>
    <property name="surefire.test.class.path" value="C:\Task\apiTask\target\test-classes;C:\Task\apiTask\target\classes;C:\Users\gs1-sriramb\.m2\repository\org\junit\jupiter\junit-jupiter-engine\5.4.0\junit-jupiter-engine-5.4.0.jar;C:\Users\gs1-sriramb\.m2\repository\org\apiguardian\apiguardian-api\1.0.0\apiguardian-api-1.0.0.jar;C:\Users\gs1-sriramb\.m2\repository\org\junit\platform\junit-platform-engine\1.4.0\junit-platform-engine-1.4.0.jar;C:\Users\gs1-sriramb\.m2\repository\org\opentest4j\opentest4j\1.1.1\opentest4j-1.1.1.jar;C:\Users\gs1-sriramb\.m2\repository\org\junit\platform\junit-platform-commons\1.4.0\junit-platform-commons-1.4.0.jar;C:\Users\gs1-sriramb\.m2\repository\org\junit\jupiter\junit-jupiter-api\5.4.0\junit-jupiter-api-5.4.0.jar;C:\Users\gs1-sriramb\.m2\repository\com\fasterxml\jackson\core\jackson-databind\2.9.6\jackson-databind-2.9.6.jar;C:\Users\gs1-sriramb\.m2\repository\com\fasterxml\jackson\core\jackson-annotations\2.9.0\jackson-annotations-2.9.0.jar;C:\Users\gs1-sriramb\.m2\repository\com\fasterxml\jackson\core\jackson-core\2.9.6\jackson-core-2.9.6.jar;C:\Users\gs1-sriramb\.m2\repository\io\rest-assured\rest-assured\5.1.1\rest-assured-5.1.1.jar;C:\Users\gs1-sriramb\.m2\repository\org\apache\groovy\groovy\4.0.1\groovy-4.0.1.jar;C:\Users\gs1-sriramb\.m2\repository\org\apache\groovy\groovy-xml\4.0.1\groovy-xml-4.0.1.jar;C:\Users\gs1-sriramb\.m2\repository\org\apache\httpcomponents\httpclient\4.5.13\httpclient-4.5.13.jar;C:\Users\gs1-sriramb\.m2\repository\org\apache\httpcomponents\httpcore\4.4.13\httpcore-4.4.13.jar;C:\Users\gs1-sriramb\.m2\repository\commons-logging\commons-logging\1.2\commons-logging-1.2.jar;C:\Users\gs1-sriramb\.m2\repository\commons-codec\commons-codec\1.11\commons-codec-1.11.jar;C:\Users\gs1-sriramb\.m2\repository\org\apache\httpcomponents\httpmime\4.5.13\httpmime-4.5.13.jar;C:\Users\gs1-sriramb\.m2\repository\org\hamcrest\hamcrest\2.1\hamcrest-2.1.jar;C:\Users\gs1-sriramb\.m2\repository\org\ccil\cowan\tagsoup\tagsoup\1.2.1\tagsoup-1.2.1.jar;C:\Users\gs1-sriramb\.m2\repository\io\rest-assured\json-path\5.1.1\json-path-5.1.1.jar;C:\Users\gs1-sriramb\.m2\repository\org\apache\groovy\groovy-json\4.0.1\groovy-json-4.0.1.jar;C:\Users\gs1-sriramb\.m2\repository\io\rest-assured\rest-assured-common\5.1.1\rest-assured-common-5.1.1.jar;C:\Users\gs1-sriramb\.m2\repository\io\rest-assured\xml-path\5.1.1\xml-path-5.1.1.jar;C:\Users\gs1-sriramb\.m2\repository\org\apache\commons\commons-lang3\3.11\commons-lang3-3.11.jar;"/>
    <property name="sun.cpu.endian" value="little"/>
    <property name="user.home" value="C:\Users\gs1-sriramb"/>
    <property name="user.language" value="en"/>
    <property name="java.specification.vendor" value="Oracle Corporation"/>
    <property name="java.home" value="C:\Program Files\Zulu\zulu-8\jre"/>
    <property name="basedir" value="C:\Task\apiTask"/>
    <property name="file.separator" value="\"/>
    <property name="line.separator" value="&#10;"/>
    <property name="jdk.vendor.version" value="Zulu 8.48.0.54-SA-win64"/>
    <property name="java.vm.specification.vendor" value="Oracle Corporation"/>
    <property name="java.specification.name" value="Java Platform API Specification"/>
    <property name="java.awt.graphicsenv" value="sun.awt.Win32GraphicsEnvironment"/>
    <property name="surefire.real.class.path" value="C:\Users\gs1-sriramb\AppData\Local\Temp\surefire5201383492954182098\surefirebooter2643289567805258340.jar"/>
    <property name="sun.boot.class.path" value="C:\Program Files\Zulu\zulu-8\jre\lib\resources.jar;C:\Program Files\Zulu\zulu-8\jre\lib\rt.jar;C:\Program Files\Zulu\zulu-8\jre\lib\sunrsasign.jar;C:\Program Files\Zulu\zulu-8\jre\lib\jsse.jar;C:\Program Files\Zulu\zulu-8\jre\lib\jce.jar;C:\Program Files\Zulu\zulu-8\jre\lib\charsets.jar;C:\Program Files\Zulu\zulu-8\jre\lib\jfr.jar;C:\Program Files\Zulu\zulu-8\jre\classes"/>
    <property name="user.script" value=""/>
    <property name="sun.management.compiler" value="HotSpot 64-Bit Tiered Compilers"/>
    <property name="java.runtime.version" value="1.8.0_265-b11"/>
    <property name="user.name" value="gs1-sriramb"/>
    <property name="path.separator" value=";"/>
    <property name="os.version" value="10.0"/>
    <property name="java.endorsed.dirs" value="C:\Program Files\Zulu\zulu-8\jre\lib\endorsed"/>
    <property name="java.runtime.name" value="OpenJDK Runtime Environment"/>
    <property name="file.encoding" value="Cp1252"/>
    <property name="java.vm.name" value="OpenJDK 64-Bit Server VM"/>
    <property name="localRepository" value="C:\Users\gs1-sriramb\.m2\repository"/>
    <property name="java.vendor.url.bug" value="http://www.azulsystems.com/support/"/>
    <property name="java.io.tmpdir" value="C:\Users\GS1-SR~1\AppData\Local\Temp\"/>
    <property name="java.version" value="1.8.0_265"/>
    <property name="user.dir" value="C:\Task\apiTask"/>
    <property name="os.arch" value="amd64"/>
    <property name="java.vm.specification.name" value="Java Virtual Machine Specification"/>
    <property name="java.awt.printerjob" value="sun.awt.windows.WPrinterJob"/>
    <property name="sun.os.patch.level" value=""/>
    <property name="java.library.path" value="C:\Program Files\Zulu\zulu-8\jre\bin;C:\WINDOWS\Sun\Java\bin;C:\WINDOWS\system32;C:\WINDOWS;C:\Program Files\Zulu\zulu-8\bin;C:\ProgramData\Oracle\Java\javapath;C:\WINDOWS\system32;C:\WINDOWS;C:\WINDOWS\System32\Wbem;C:\WINDOWS\System32\WindowsPowerShell\v1.0\;C:\WINDOWS\System32\OpenSSH\;C:\Program Files (x86)\Airtame;C:\postgresql-10.7-2-windows-x64-binaries\pgsql\bin;C:\postgresql-10.7-2-windows-x64-binaries\pgsql\lib;C:\Program Files\Zulu\zulu-8\bin\;C:\Program Files\Git\cmd;C:\Program Files\Intel\WiFi\bin\;C:\Program Files\Common Files\Intel\WirelessCommon\;C:\Program Files\nodejs\;C:\WINDOWS\system32;C:\WINDOWS;C:\WINDOWS\System32\Wbem;C:\WINDOWS\System32\WindowsPowerShell\v1.0\;C:\WINDOWS\System32\OpenSSH\;C:\Users\gs1-sriramb\.windows-build-tools\python27\;C:\Users\gs1-sriramb\AppData\Roaming\npm\node_modules\npm\node_modules\npm-lifecycle\node-gyp-bin;C:\Users\gs1-sriramb\AppData\Roaming\npm\node_modules\windows-build-tools\node_modules\.bin;C:\Users\gs1-sriramb\AppData\Roaming\npm\node_modules\.bin;C:\ProgramData\Oracle\Java\javapath;C:\WINDOWS\system32;C:\WINDOWS;C:\WINDOWS\System32\Wbem;C:\WINDOWS\System32\WindowsPowerShell\v1.0\;C:\WINDOWS\System32\OpenSSH\;C:\Program Files (x86)\Airtame;C:\Program Files\Java\jdk1.8.0_131\bin;C:\Program Files\Git\cmd;C:\Program Files\nodejs\;C:\Users\gs1-sriramb\AppData\Local\Microsoft\WindowsApps;C:\Maven\apache-maven-3.6.0\bin;C:\Program Files\JetBrains\IntelliJ IDEA 2020.2\bin;C:\Users\gs1-sriramb\AppData\Local\gitkraken\bin;C:\Users\gs1-sriramb\AppData\Roaming\npm;%USERPROFILE%\AppData\Local\Microsoft\WindowsApps;;."/>
    <property name="java.vm.info" value="mixed mode"/>
    <property name="java.vendor" value="Azul Systems, Inc."/>
    <property name="java.vm.version" value="25.265-b11"/>
    <property name="java.ext.dirs" value="C:\Program Files\Zulu\zulu-8\jre\lib\ext;C:\WINDOWS\Sun\Java\lib\ext"/>
    <property name="sun.io.unicode.encoding" value="UnicodeLittle"/>
    <property name="java.class.version" value="52.0"/>
  </properties>
  <testcase name="getUsers" classname="org.example.test.testcase.TestCases" time="3.216"/>
  <testcase name="verifyUserExists" classname="org.example.test.testcase.TestCases" time="0.189"/>
  <testcase name="verifyPostExists" classname="org.example.test.testcase.TestCases" time="0.246"/>
  <testcase name="verifyEmailFormat" classname="org.example.test.testcase.TestCases" time="2.835">
    <system-out><![CDATA[PostID:21. Email to validate: Lura@rod.tv Is Valid? :true
PostID:21. Email to validate: Lottie.Zieme@ruben.us Is Valid? :true
PostID:21. Email to validate: Winona_Price@jevon.me Is Valid? :true
PostID:21. Email to validate: Gabriel@oceane.biz Is Valid? :true
PostID:21. Email to validate: Adolph.Ondricka@mozell.co.uk Is Valid? :true
PostID:22. Email to validate: Allen@richard.biz Is Valid? :true
PostID:22. Email to validate: Nicholaus@mikayla.ca Is Valid? :true
PostID:22. Email to validate: Kayla@susanna.org Is Valid? :true
PostID:22. Email to validate: Gideon@amina.name Is Valid? :true
PostID:22. Email to validate: Cassidy@maribel.io Is Valid? :true
PostID:23. Email to validate: Stefan.Crist@duane.ca Is Valid? :true
PostID:23. Email to validate: Aniyah.Ortiz@monte.me Is Valid? :true
PostID:23. Email to validate: Laverna@rico.biz Is Valid? :true
PostID:23. Email to validate: Derek@hildegard.net Is Valid? :true
PostID:23. Email to validate: Tyrell@abdullah.ca Is Valid? :true
PostID:24. Email to validate: Reyes@hailey.name Is Valid? :true
PostID:24. Email to validate: Danika.Dicki@mekhi.biz Is Valid? :true
PostID:24. Email to validate: Alessandra.Nitzsche@stephania.us Is Valid? :true
PostID:24. Email to validate: Matteo@marquis.net Is Valid? :true
PostID:24. Email to validate: Joshua.Spinka@toby.io Is Valid? :true
PostID:25. Email to validate: Annabelle@cole.com Is Valid? :true
PostID:25. Email to validate: Kacey@jamal.info Is Valid? :true
PostID:25. Email to validate: Mina@mallie.name Is Valid? :true
PostID:25. Email to validate: Hudson.Blick@ruben.biz Is Valid? :true
PostID:25. Email to validate: Domenic.Durgan@joaquin.name Is Valid? :true
PostID:26. Email to validate: Alexie@alayna.org Is Valid? :true
PostID:26. Email to validate: Haven_Barrows@brant.org Is Valid? :true
PostID:26. Email to validate: Marianne@maximo.us Is Valid? :true
PostID:26. Email to validate: Fanny@danial.com Is Valid? :true
PostID:26. Email to validate: Trevion_Kuphal@bernice.name Is Valid? :true
PostID:27. Email to validate: Emmet@guy.biz Is Valid? :true
PostID:27. Email to validate: Megane.Fritsch@claude.name Is Valid? :true
PostID:27. Email to validate: Amya@durward.ca Is Valid? :true
PostID:27. Email to validate: Jasen_Rempel@willis.org Is Valid? :true
PostID:27. Email to validate: Harmony@reggie.com Is Valid? :true
PostID:28. Email to validate: Rosanna_Kunze@guy.net Is Valid? :true
PostID:28. Email to validate: Ressie.Boehm@flossie.com Is Valid? :true
PostID:28. Email to validate: Domenic.Wuckert@jazmyne.us Is Valid? :true
PostID:28. Email to validate: Rhett.OKon@brian.info Is Valid? :true
PostID:28. Email to validate: Mathias@richmond.info Is Valid? :true
PostID:29. Email to validate: Ottis@lourdes.org Is Valid? :true
PostID:29. Email to validate: Estel@newton.ca Is Valid? :true
PostID:29. Email to validate: Bertha@erik.co.uk Is Valid? :true
PostID:29. Email to validate: Joesph@matteo.info Is Valid? :true
PostID:29. Email to validate: Alva@cassandre.net Is Valid? :true
PostID:30. Email to validate: Vivienne@willis.org Is Valid? :true
PostID:30. Email to validate: Angelita@aliza.me Is Valid? :true
PostID:30. Email to validate: Timmothy_Okuneva@alyce.tv Is Valid? :true
PostID:30. Email to validate: Moriah_Welch@richmond.org Is Valid? :true
PostID:30. Email to validate: Ramiro_Kuhn@harmon.biz Is Valid? :true
]]></system-out>
  </testcase>
</testsuite>